🚨 EMAIL ALERT: 2025-03-13 19:58:01 - ERROR - Database connection failed.
🚨 EMAIL ALERT: 2025-03-13 19:58:05 - ERROR - File not found: config.yaml.
🚨 EMAIL ALERT: 2025-03-13 19:58:07 - CRITICAL - Unauthorized access attempt detected!
🚨 EMAIL ALERT: 2025-03-13 19:58:09 - CRITICAL - System overheating! Immediate attention required.
🚨 EMAIL ALERT: 2025-03-13 19:58:11 - ERROR - File not found: config.yaml.
🚨 EMAIL ALERT: 2025-03-13 19:58:17 - ERROR - Database connection failed.
🚨 EMAIL ALERT: 2025-03-13 19:58:21 - ERROR - Database connection failed.
🚨 EMAIL ALERT: 2025-03-13 19:58:25 - ERROR - Database connection failed.
🚨 EMAIL ALERT: 2025-03-13 19:58:31 - ERROR - File not found: config.yaml.
🚨 EMAIL ALERT: 2025-03-13 20:05:11 - ERROR - Database connection failed.
🚨 EMAIL ALERT: 2025-03-13 20:05:19 - CRITICAL - Unauthorized access attempt detected!
🚨 EMAIL ALERT: 2025-03-13 20:05:25 - ERROR - Database connection failed.
🚨 EMAIL ALERT: 2025-03-13 20:05:27 - ERROR - Application crashed due to unknown error.
🚨 EMAIL ALERT: 2025-03-13 20:05:29 - ERROR - Application crashed due to unknown error.
🚨 EMAIL ALERT: 2025-03-13 20:05:33 - CRITICAL - Unauthorized access attempt detected!
🚨 EMAIL ALERT: 2025-03-13 20:05:37 - CRITICAL - System overheating! Immediate attention required.
🚨 EMAIL ALERT: 2025-03-13 20:05:41 - CRITICAL - Unauthorized access attempt detected!
🚨 EMAIL ALERT: 2025-03-13 20:05:43 - ERROR - Application crashed due to unknown error.
🚨 EMAIL ALERT: 2025-03-13 20:05:45 - CRITICAL - Unauthorized access attempt detected!
🚨 EMAIL ALERT: 2025-03-13 15:00:00 - ERROR - Test Error Detected
🚨 EMAIL ALERT: 2025-03-13 20:13:54 - ERROR - Database connection failed.
🚨 EMAIL ALERT: 2025-03-13 20:13:58 - ERROR - File not found: config.yaml.
🚨 EMAIL ALERT: 2025-03-13 20:14:00 - ERROR - File not found: config.yaml.
🚨 EMAIL ALERT: 2025-03-13 20:14:14 - CRITICAL - System overheating! Immediate attention required.
🚨 EMAIL ALERT: 2025-03-13 20:14:22 - ERROR - File not found: config.yaml.
🚨 EMAIL ALERT: 2025-03-13 20:14:26 - ERROR - Application crashed due to unknown error.
🚨 EMAIL ALERT: 2025-03-13 20:14:28 - CRITICAL - Unauthorized access attempt detected!
🚨 EMAIL ALERT: 2025-03-13 20:14:32 - CRITICAL - System overheating! Immediate attention required.
🚨 EMAIL ALERT: 2025-03-13 20:16:51 - CRITICAL - Unauthorized access attempt detected!
🚨 EMAIL ALERT: 2025-03-13 20:16:53 - ERROR - File not found: config.yaml.
🚨 EMAIL ALERT: 2025-03-13 20:16:57 - CRITICAL - Unauthorized access attempt detected!
🚨 EMAIL ALERT: 2025-03-13 20:17:03 - CRITICAL - System overheating! Immediate attention required.
🚨 EMAIL ALERT: 2025-03-13 20:17:05 - CRITICAL - Unauthorized access attempt detected!
🚨 EMAIL ALERT: 2025-03-13 20:17:07 - ERROR - File not found: config.yaml.
🚨 EMAIL ALERT: 2025-03-13 20:17:09 - ERROR - Database connection failed.
🚨 EMAIL ALERT: 2025-03-13 20:17:11 - ERROR - Database connection failed.
🚨 EMAIL ALERT: 2025-03-13 20:17:13 - ERROR - Database connection failed.
🚨 EMAIL ALERT: 2025-03-13 20:17:15 - ERROR - File not found: config.yaml.
🚨 EMAIL ALERT: 2025-03-13 20:17:19 - CRITICAL - System overheating! Immediate attention required.
🚨 EMAIL ALERT: 2025-03-13 20:17:21 - CRITICAL - Unauthorized access attempt detected!
🚨 EMAIL ALERT: 2025-03-13 20:17:23 - ERROR - Application crashed due to unknown error.
🚨 EMAIL ALERT: 2025-03-13 20:17:25 - CRITICAL - Unauthorized access attempt detected!
